<?xml version="1.0" encoding="UTF-8"?>
<testng-results ignored="0" total="1" passed="0" failed="1" skipped="0">
  <reporter-output>
  </reporter-output>
  <suite started-at="2024-03-03T12:29:45 IST" name="All Test Suite" finished-at="2024-03-03T12:29:45 IST" duration-ms="388">
    <groups>
    </groups>
    <test started-at="2024-03-03T12:29:45 IST" name="C:/Users/HP/IdeaProjects/Maven_28_Nov_2023" finished-at="2024-03-03T12:29:45 IST" duration-ms="388">
      <class name="testng.parameterization.WithParameterization">
        <test-method signature="verifyGoogleSearch(java.lang.String,java.lang.String)[pri:0, instance:testng.parameterization.WithParameterization@175b9425]" started-at="2024-03-03T12:29:45 IST" name="verifyGoogleSearch" finished-at="2024-03-03T12:29:45 IST" duration-ms="0" status="FAIL">
          <exception class="org.testng.TestNGException">
            <message>
              <![CDATA[
Parameter 'coursename' is required by @Test on method verifyGoogleSearch but has not been marked @Optional or defined
in C:\Users\HP\IdeaProjects\Maven_28_Nov_2023\testng.xml]]>
            </message>
            <full-stacktrace>
              <![CDATA[org.testng.TestNGException: 
Parameter 'coursename' is required by @Test on method verifyGoogleSearch but has not been marked @Optional or defined
in C:\Users\HP\IdeaProjects\Maven_28_Nov_2023\testng.xml
at org.testng.internal.Parameters.createParams(Parameters.java:267)
at org.testng.internal.Parameters.createParametersForMethod(Parameters.java:355)
at org.testng.internal.Parameters.createParameters(Parameters.java:693)
at org.testng.internal.Parameters.handleParameters(Parameters.java:888)
at org.testng.internal.Parameters.handleParameters(Parameters.java:737)
at org.testng.internal.invokers.ParameterHandler.handleParameters(ParameterHandler.java:72)
at org.testng.internal.invokers.ParameterHandler.createParameters(ParameterHandler.java:51)
at org.testng.internal.invokers.TestInvoker$MethodInvocationAgent.invoke(TestInvoker.java:915)
at org.testng.internal.invokers.TestInvoker.invokeTestMethods(TestInvoker.java:201)
at org.testng.internal.invokers.TestMethodWorker.invokeTestMethods(TestMethodWorker.java:148)
at org.testng.internal.invokers.TestMethodWorker.run(TestMethodWorker.java:128)
at java.base/java.util.ArrayList.forEach(ArrayList.java:1541)
at org.testng.TestRunner.privateRun(TestRunner.java:819)
at org.testng.TestRunner.run(TestRunner.java:619)
at org.testng.SuiteRunner.runTest(SuiteRunner.java:443)
at org.testng.SuiteRunner.runSequentially(SuiteRunner.java:437)
at org.testng.SuiteRunner.privateRun(SuiteRunner.java:397)
at org.testng.SuiteRunner.run(SuiteRunner.java:336)
at org.testng.SuiteRunnerWorker.runSuite(SuiteRunnerWorker.java:52)
at org.testng.SuiteRunnerWorker.run(SuiteRunnerWorker.java:95)
at org.testng.TestNG.runSuitesSequentially(TestNG.java:1301)
at org.testng.TestNG.runSuitesLocally(TestNG.java:1228)
at org.testng.TestNG.runSuites(TestNG.java:1134)
at org.testng.TestNG.run(TestNG.java:1101)
at com.intellij.rt.testng.IDEARemoteTestNG.run(IDEARemoteTestNG.java:65)
at com.intellij.rt.testng.RemoteTestNGStarter.main(RemoteTestNGStarter.java:105)
]]>
            </full-stacktrace>
          </exception> <!-- org.testng.TestNGException -->
          <reporter-output>
          </reporter-output>
        </test-method> <!-- verifyGoogleSearch -->
      </class> <!-- testng.parameterization.WithParameterization -->
    </test> <!-- C:/Users/HP/IdeaProjects/Maven_28_Nov_2023 -->
  </suite> <!-- All Test Suite -->
</testng-results>
